<?xml version="1.0" encoding="UTF-8"?>
<coverage generated="1761864583821" clover="3.2.0">
  <project timestamp="1761864583821" name="All files">
    <metrics statements="254" coveredstatements="250" conditionals="64" coveredconditionals="42" methods="69" coveredmethods="69" elements="387" coveredelements="361" complexity="0" loc="254" ncloc="254" packages="1" files="4" classes="4"/>
    <file name="game-state.ts" path="S:\Dev\AlienFrontiers\af-js\src\game\game-state.ts">
      <metrics statements="86" coveredstatements="82" conditionals="13" coveredconditionals="9" methods="24" coveredmethods="24"/>
      <line num="6" count="1" type="stmt"/>
      <line num="7" count="1" type="stmt"/>
      <line num="8" count="1" type="stmt"/>
      <line num="14" count="1" type="stmt"/>
      <line num="21" count="22" type="stmt"/>
      <line num="22" count="22" type="stmt"/>
      <line num="23" count="22" type="stmt"/>
      <line num="24" count="22" type="stmt"/>
      <line num="34" count="19" type="stmt"/>
      <line num="36" count="19" type="stmt"/>
      <line num="37" count="39" type="stmt"/>
      <line num="46" count="39" type="stmt"/>
      <line num="50" count="19" type="stmt"/>
      <line num="51" count="19" type="cond" truecount="1" falsecount="0"/>
      <line num="52" count="19" type="stmt"/>
      <line num="59" count="1" type="stmt"/>
      <line num="60" count="13" type="stmt"/>
      <line num="66" count="1" type="stmt"/>
      <line num="67" count="1" type="stmt"/>
      <line num="73" count="1" type="stmt"/>
      <line num="74" count="1" type="stmt"/>
      <line num="80" count="1" type="stmt"/>
      <line num="81" count="1" type="stmt"/>
      <line num="87" count="1" type="stmt"/>
      <line num="88" count="7" type="stmt"/>
      <line num="94" count="1" type="stmt"/>
      <line num="95" count="29" type="stmt"/>
      <line num="104" count="29" type="stmt"/>
      <line num="106" count="29" type="cond" truecount="2" falsecount="0"/>
      <line num="108" count="26" type="stmt"/>
      <line num="111" count="3" type="stmt"/>
      <line num="118" count="3" type="stmt"/>
      <line num="119" count="3" type="stmt"/>
      <line num="120" count="4" type="stmt"/>
      <line num="122" count="3" type="cond" truecount="2" falsecount="0"/>
      <line num="124" count="1" type="stmt"/>
      <line num="125" count="1" type="stmt"/>
      <line num="128" count="2" type="stmt"/>
      <line num="132" count="3" type="stmt"/>
      <line num="135" count="3" type="stmt"/>
      <line num="141" count="1" type="stmt"/>
      <line num="142" count="6" type="cond" truecount="1" falsecount="0"/>
      <line num="143" count="1" type="stmt"/>
      <line num="146" count="5" type="stmt"/>
      <line num="147" count="5" type="stmt"/>
      <line num="148" count="5" type="stmt"/>
      <line num="154" count="2" type="stmt"/>
      <line num="155" count="2" type="stmt"/>
      <line num="156" count="3" type="stmt"/>
      <line num="162" count="1" type="stmt"/>
      <line num="163" count="2" type="stmt"/>
      <line num="164" count="6" type="stmt"/>
      <line num="165" count="6" type="stmt"/>
      <line num="172" count="1" type="stmt"/>
      <line num="173" count="2" type="stmt"/>
      <line num="174" count="2" type="stmt"/>
      <line num="175" count="2" type="stmt"/>
      <line num="176" count="2" type="stmt"/>
      <line num="177" count="2" type="stmt"/>
      <line num="184" count="2" type="stmt"/>
      <line num="185" count="2" type="stmt"/>
      <line num="188" count="2" type="stmt"/>
      <line num="189" count="2" type="cond" truecount="1" falsecount="0"/>
      <line num="190" count="1" type="stmt"/>
      <line num="192" count="2" type="cond" truecount="0" falsecount="1"/>
      <line num="193" count="0" type="stmt"/>
      <line num="197" count="2" type="cond" truecount="0" falsecount="1"/>
      <line num="198" count="0" type="stmt"/>
      <line num="202" count="2" type="stmt"/>
      <line num="203" count="3" type="stmt"/>
      <line num="204" count="3" type="cond" truecount="0" falsecount="1"/>
      <line num="205" count="0" type="stmt"/>
      <line num="210" count="2" type="stmt"/>
      <line num="212" count="3" type="stmt"/>
      <line num="217" count="3" type="cond" truecount="0" falsecount="1"/>
      <line num="218" count="0" type="stmt"/>
      <line num="222" count="2" type="stmt"/>
      <line num="228" count="1" type="stmt"/>
      <line num="229" count="1" type="stmt"/>
      <line num="240" count="1" type="stmt"/>
      <line num="241" count="1" type="stmt"/>
      <line num="242" count="1" type="stmt"/>
      <line num="243" count="1" type="stmt"/>
      <line num="244" count="1" type="stmt"/>
      <line num="245" count="1" type="stmt"/>
      <line num="247" count="1" type="stmt"/>
    </file>
    <file name="player.ts" path="S:\Dev\AlienFrontiers\af-js\src\game\player.ts">
      <metrics statements="74" coveredstatements="74" conditionals="34" coveredconditionals="19" methods="19" coveredmethods="19"/>
      <line num="27" count="2" type="stmt"/>
      <line num="31" count="48" type="stmt"/>
      <line num="37" count="2" type="stmt"/>
      <line num="42" count="81" type="cond" truecount="1" falsecount="0"/>
      <line num="44" count="61" type="stmt"/>
      <line num="57" count="61" type="stmt"/>
      <line num="58" count="61" type="stmt"/>
      <line num="64" count="2" type="stmt"/>
      <line num="65" count="20" type="stmt"/>
      <line num="71" count="2" type="stmt"/>
      <line num="72" count="30" type="stmt"/>
      <line num="78" count="2" type="stmt"/>
      <line num="79" count="27" type="stmt"/>
      <line num="85" count="2" type="stmt"/>
      <line num="86" count="13" type="stmt"/>
      <line num="87" count="13" type="cond" truecount="0" falsecount="1"/>
      <line num="89" count="13" type="cond" truecount="1" falsecount="0"/>
      <line num="90" count="13" type="cond" truecount="1" falsecount="0"/>
      <line num="91" count="13" type="cond" truecount="0" falsecount="1"/>
      <line num="93" count="13" type="stmt"/>
      <line num="100" count="2" type="stmt"/>
      <line num="101" count="2" type="stmt"/>
      <line num="102" count="2" type="cond" truecount="0" falsecount="1"/>
      <line num="105" count="2" type="cond" truecount="3" falsecount="0"/>
      <line num="106" count="1" type="cond" truecount="2" falsecount="1"/>
      <line num="107" count="1" type="cond" truecount="1" falsecount="2"/>
      <line num="110" count="1" type="cond" truecount="1" falsecount="0"/>
      <line num="111" count="1" type="cond" truecount="1" falsecount="0"/>
      <line num="112" count="1" type="cond" truecount="0" falsecount="1"/>
      <line num="114" count="1" type="stmt"/>
      <line num="120" count="2" type="stmt"/>
      <line num="121" count="2" type="stmt"/>
      <line num="122" count="2" type="cond" truecount="0" falsecount="1"/>
      <line num="124" count="2" type="cond" truecount="3" falsecount="0"/>
      <line num="125" count="1" type="cond" truecount="2" falsecount="1"/>
      <line num="126" count="1" type="cond" truecount="1" falsecount="2"/>
      <line num="128" count="1" type="stmt"/>
      <line num="134" count="2" type="stmt"/>
      <line num="135" count="27" type="stmt"/>
      <line num="136" count="27" type="cond" truecount="0" falsecount="1"/>
      <line num="137" count="27" type="cond" truecount="1" falsecount="0"/>
      <line num="139" count="26" type="stmt"/>
      <line num="140" count="26" type="stmt"/>
      <line num="141" count="26" type="stmt"/>
      <line num="147" count="2" type="stmt"/>
      <line num="148" count="5" type="stmt"/>
      <line num="149" count="5" type="cond" truecount="0" falsecount="1"/>
      <line num="151" count="5" type="stmt"/>
      <line num="152" count="5" type="stmt"/>
      <line num="153" count="5" type="stmt"/>
      <line num="159" count="2" type="stmt"/>
      <line num="160" count="31" type="stmt"/>
      <line num="161" count="31" type="cond" truecount="0" falsecount="1"/>
      <line num="164" count="31" type="stmt"/>
      <line num="167" count="31" type="stmt"/>
      <line num="176" count="31" type="stmt"/>
      <line num="186" count="2" type="stmt"/>
      <line num="187" count="5" type="stmt"/>
      <line num="188" count="5" type="cond" truecount="0" falsecount="1"/>
      <line num="189" count="5" type="stmt"/>
      <line num="195" count="2" type="stmt"/>
      <line num="196" count="3" type="stmt"/>
      <line num="197" count="3" type="stmt"/>
      <line num="198" count="5" type="stmt"/>
      <line num="206" count="3" type="stmt"/>
      <line num="212" count="2" type="stmt"/>
      <line num="213" count="2" type="stmt"/>
      <line num="221" count="2" type="stmt"/>
      <line num="222" count="2" type="stmt"/>
      <line num="223" count="2" type="cond" truecount="1" falsecount="0"/>
      <line num="224" count="3" type="stmt"/>
      <line num="225" count="3" type="stmt"/>
      <line num="228" count="2" type="stmt"/>
      <line num="230" count="2" type="stmt"/>
    </file>
    <file name="ship.ts" path="S:\Dev\AlienFrontiers\af-js\src\game\ship.ts">
      <metrics statements="68" coveredstatements="68" conditionals="9" coveredconditionals="6" methods="22" coveredmethods="22"/>
      <line num="23" count="2" type="stmt"/>
      <line num="27" count="45" type="stmt"/>
      <line num="33" count="2" type="stmt"/>
      <line num="34" count="59" type="stmt"/>
      <line num="36" count="59" type="stmt"/>
      <line num="37" count="177" type="stmt"/>
      <line num="45" count="177" type="stmt"/>
      <line num="46" count="177" type="stmt"/>
      <line num="49" count="59" type="stmt"/>
      <line num="55" count="2" type="stmt"/>
      <line num="56" count="39" type="stmt"/>
      <line num="57" count="165" type="stmt"/>
      <line num="63" count="2" type="stmt"/>
      <line num="64" count="1" type="stmt"/>
      <line num="65" count="6" type="stmt"/>
      <line num="71" count="2" type="stmt"/>
      <line num="72" count="3" type="stmt"/>
      <line num="78" count="2" type="stmt"/>
      <line num="79" count="17" type="stmt"/>
      <line num="80" count="17" type="stmt"/>
      <line num="82" count="17" type="stmt"/>
      <line num="83" count="51" type="stmt"/>
      <line num="84" count="51" type="stmt"/>
      <line num="85" count="51" type="stmt"/>
      <line num="88" count="17" type="stmt"/>
      <line num="95" count="2" type="stmt"/>
      <line num="96" count="15" type="stmt"/>
      <line num="97" count="15" type="cond" truecount="0" falsecount="1"/>
      <line num="98" count="15" type="cond" truecount="1" falsecount="0"/>
      <line num="99" count="14" type="cond" truecount="1" falsecount="0"/>
      <line num="101" count="13" type="stmt"/>
      <line num="102" count="13" type="stmt"/>
      <line num="108" count="2" type="stmt"/>
      <line num="109" count="7" type="stmt"/>
      <line num="110" count="7" type="cond" truecount="0" falsecount="1"/>
      <line num="111" count="7" type="cond" truecount="1" falsecount="0"/>
      <line num="113" count="6" type="stmt"/>
      <line num="114" count="6" type="stmt"/>
      <line num="120" count="2" type="stmt"/>
      <line num="121" count="1" type="stmt"/>
      <line num="122" count="1" type="cond" truecount="0" falsecount="1"/>
      <line num="124" count="1" type="stmt"/>
      <line num="125" count="1" type="stmt"/>
      <line num="126" count="1" type="stmt"/>
      <line num="127" count="1" type="stmt"/>
      <line num="133" count="2" type="stmt"/>
      <line num="134" count="4" type="stmt"/>
      <line num="135" count="4" type="stmt"/>
      <line num="136" count="12" type="stmt"/>
      <line num="137" count="12" type="stmt"/>
      <line num="138" count="12" type="stmt"/>
      <line num="145" count="2" type="stmt"/>
      <line num="146" count="1" type="stmt"/>
      <line num="147" count="3" type="cond" truecount="2" falsecount="0"/>
      <line num="153" count="2" type="stmt"/>
      <line num="154" count="3" type="stmt"/>
      <line num="155" count="3" type="stmt"/>
      <line num="156" count="15" type="stmt"/>
      <line num="158" count="3" type="stmt"/>
      <line num="164" count="2" type="stmt"/>
      <line num="165" count="2" type="stmt"/>
      <line num="173" count="2" type="stmt"/>
      <line num="174" count="2" type="stmt"/>
      <line num="175" count="2" type="cond" truecount="1" falsecount="0"/>
      <line num="176" count="9" type="stmt"/>
      <line num="177" count="9" type="stmt"/>
      <line num="180" count="2" type="stmt"/>
      <line num="182" count="2" type="stmt"/>
    </file>
    <file name="types.ts" path="S:\Dev\AlienFrontiers\af-js\src\game\types.ts">
      <metrics statements="26" coveredstatements="26" conditionals="8" coveredconditionals="8" methods="4" coveredmethods="4"/>
      <line num="9" count="2" type="cond" truecount="2" falsecount="0"/>
      <line num="10" count="2" type="stmt"/>
      <line num="11" count="2" type="stmt"/>
      <line num="12" count="2" type="stmt"/>
      <line num="13" count="2" type="stmt"/>
      <line num="14" count="2" type="stmt"/>
      <line num="15" count="2" type="stmt"/>
      <line num="49" count="2" type="cond" truecount="2" falsecount="0"/>
      <line num="50" count="2" type="stmt"/>
      <line num="51" count="2" type="stmt"/>
      <line num="52" count="2" type="stmt"/>
      <line num="53" count="2" type="stmt"/>
      <line num="54" count="2" type="stmt"/>
      <line num="60" count="2" type="cond" truecount="2" falsecount="0"/>
      <line num="61" count="2" type="stmt"/>
      <line num="62" count="2" type="stmt"/>
      <line num="63" count="2" type="stmt"/>
      <line num="64" count="2" type="stmt"/>
      <line num="65" count="2" type="stmt"/>
      <line num="66" count="2" type="stmt"/>
      <line num="67" count="2" type="stmt"/>
      <line num="73" count="2" type="cond" truecount="2" falsecount="0"/>
      <line num="74" count="2" type="stmt"/>
      <line num="75" count="2" type="stmt"/>
      <line num="76" count="2" type="stmt"/>
      <line num="77" count="2" type="stmt"/>
    </file>
  </project>
</coverage>
