{"S:\\Dev\\AlienFrontiers\\af-js\\src\\game\\game-state.ts": {"path":"S:\\Dev\\AlienFrontiers\\af-js\\src\\game\\game-state.ts","statementMap":{"0":{"start":{"line":6,"column":0},"end":{"line":6,"column":47}},"1":{"start":{"line":7,"column":0},"end":{"line":7,"column":37}},"2":{"start":{"line":8,"column":0},"end":{"line":8,"column":49}},"3":{"start":{"line":14,"column":0},"end":{"line":14,"column":13}},"4":{"start":{"line":21,"column":4},"end":{"line":21,"column":25}},"5":{"start":{"line":22,"column":4},"end":{"line":22,"column":41}},"6":{"start":{"line":23,"column":4},"end":{"line":23,"column":45}},"7":{"start":{"line":24,"column":4},"end":{"line":28,"column":6}},"8":{"start":{"line":34,"column":2},"end":{"line":54,"column":null}},"9":{"start":{"line":34,"column":2},"end":{"line":34,"column":16}},"10":{"start":{"line":36,"column":4},"end":{"line":47,"column":7}},"11":{"start":{"line":37,"column":6},"end":{"line":43,"column":8}},"12":{"start":{"line":46,"column":6},"end":{"line":46,"column":52}},"13":{"start":{"line":50,"column":20},"end":{"line":50,"column":62}},"14":{"start":{"line":51,"column":4},"end":{"line":53,"column":null}},"15":{"start":{"line":52,"column":6},"end":{"line":52,"column":48}},"16":{"start":{"line":59,"column":2},"end":{"line":61,"column":null}},"17":{"start":{"line":60,"column":4},"end":{"line":60,"column":29}},"18":{"start":{"line":66,"column":2},"end":{"line":68,"column":null}},"19":{"start":{"line":67,"column":4},"end":{"line":67,"column":67}},"20":{"start":{"line":73,"column":2},"end":{"line":75,"column":null}},"21":{"start":{"line":74,"column":4},"end":{"line":74,"column":46}},"22":{"start":{"line":80,"column":2},"end":{"line":82,"column":null}},"23":{"start":{"line":81,"column":4},"end":{"line":81,"column":28}},"24":{"start":{"line":87,"column":2},"end":{"line":89,"column":null}},"25":{"start":{"line":88,"column":4},"end":{"line":88,"column":30}},"26":{"start":{"line":94,"column":2},"end":{"line":113,"column":null}},"27":{"start":{"line":95,"column":36},"end":{"line":102,"column":6}},"28":{"start":{"line":104,"column":25},"end":{"line":104,"column":63}},"29":{"start":{"line":106,"column":4},"end":{"line":112,"column":null}},"30":{"start":{"line":108,"column":6},"end":{"line":108,"column":56}},"31":{"start":{"line":111,"column":6},"end":{"line":111,"column":33}},"32":{"start":{"line":118,"column":10},"end":{"line":136,"column":null}},"33":{"start":{"line":118,"column":2},"end":{"line":118,"column":10}},"34":{"start":{"line":119,"column":20},"end":{"line":119,"column":62}},"35":{"start":{"line":120,"column":25},"end":{"line":120,"column":83}},"36":{"start":{"line":120,"column":48},"end":{"line":120,"column":83}},"37":{"start":{"line":122,"column":4},"end":{"line":129,"column":null}},"38":{"start":{"line":124,"column":6},"end":{"line":124,"column":48}},"39":{"start":{"line":125,"column":6},"end":{"line":125,"column":31}},"40":{"start":{"line":128,"column":6},"end":{"line":128,"column":63}},"41":{"start":{"line":132,"column":4},"end":{"line":132,"column":45}},"42":{"start":{"line":135,"column":4},"end":{"line":135,"column":69}},"43":{"start":{"line":141,"column":2},"end":{"line":149,"column":null}},"44":{"start":{"line":142,"column":4},"end":{"line":144,"column":null}},"45":{"start":{"line":143,"column":6},"end":{"line":143,"column":66}},"46":{"start":{"line":146,"column":18},"end":{"line":146,"column":70}},"47":{"start":{"line":147,"column":4},"end":{"line":147,"column":24}},"48":{"start":{"line":148,"column":4},"end":{"line":148,"column":17}},"49":{"start":{"line":154,"column":2},"end":{"line":157,"column":null}},"50":{"start":{"line":154,"column":2},"end":{"line":154,"column":12}},"51":{"start":{"line":155,"column":20},"end":{"line":155,"column":54}},"52":{"start":{"line":156,"column":4},"end":{"line":156,"column":72}},"53":{"start":{"line":156,"column":34},"end":{"line":156,"column":71}},"54":{"start":{"line":162,"column":2},"end":{"line":166,"column":null}},"55":{"start":{"line":163,"column":20},"end":{"line":163,"column":54}},"56":{"start":{"line":164,"column":18},"end":{"line":164,"column":70}},"57":{"start":{"line":164,"column":47},"end":{"line":164,"column":69}},"58":{"start":{"line":165,"column":4},"end":{"line":165,"column":64}},"59":{"start":{"line":165,"column":31},"end":{"line":165,"column":63}},"60":{"start":{"line":172,"column":2},"end":{"line":178,"column":null}},"61":{"start":{"line":173,"column":19},"end":{"line":173,"column":45}},"62":{"start":{"line":174,"column":4},"end":{"line":174,"column":50}},"63":{"start":{"line":175,"column":4},"end":{"line":175,"column":54}},"64":{"start":{"line":176,"column":4},"end":{"line":176,"column":37}},"65":{"start":{"line":177,"column":4},"end":{"line":177,"column":18}},"66":{"start":{"line":184,"column":2},"end":{"line":223,"column":null}},"67":{"start":{"line":184,"column":2},"end":{"line":184,"column":10}},"68":{"start":{"line":185,"column":29},"end":{"line":185,"column":31}},"69":{"start":{"line":188,"column":20},"end":{"line":188,"column":54}},"70":{"start":{"line":189,"column":4},"end":{"line":191,"column":null}},"71":{"start":{"line":190,"column":6},"end":{"line":190,"column":54}},"72":{"start":{"line":192,"column":4},"end":{"line":194,"column":null}},"73":{"start":{"line":193,"column":6},"end":{"line":193,"column":53}},"74":{"start":{"line":197,"column":4},"end":{"line":199,"column":null}},"75":{"start":{"line":198,"column":6},"end":{"line":198,"column":49}},"76":{"start":{"line":202,"column":4},"end":{"line":207,"column":7}},"77":{"start":{"line":203,"column":20},"end":{"line":203,"column":62}},"78":{"start":{"line":204,"column":6},"end":{"line":206,"column":null}},"79":{"start":{"line":205,"column":8},"end":{"line":205,"column":86}},"80":{"start":{"line":210,"column":4},"end":{"line":220,"column":7}},"81":{"start":{"line":212,"column":8},"end":{"line":215,"column":36}},"82":{"start":{"line":217,"column":6},"end":{"line":219,"column":null}},"83":{"start":{"line":218,"column":8},"end":{"line":218,"column":114}},"84":{"start":{"line":222,"column":4},"end":{"line":222,"column":18}},"85":{"start":{"line":228,"column":2},"end":{"line":235,"column":null}},"86":{"start":{"line":229,"column":4},"end":{"line":234,"column":6}},"87":{"start":{"line":240,"column":9},"end":{"line":246,"column":null}},"88":{"start":{"line":241,"column":22},"end":{"line":241,"column":48}},"89":{"start":{"line":242,"column":4},"end":{"line":242,"column":33}},"90":{"start":{"line":243,"column":4},"end":{"line":243,"column":61}},"91":{"start":{"line":244,"column":4},"end":{"line":244,"column":67}},"92":{"start":{"line":245,"column":4},"end":{"line":245,"column":21}},"93":{"start":{"line":247,"column":0},"end":{"line":247,"column":null}},"94":{"start":{"line":14,"column":13},"end":{"line":14,"column":22}}},"fnMap":{"0":{"name":"(anonymous_2)","decl":{"start":{"line":14,"column":0},"end":{"line":14,"column":13}},"loc":{"start":{"line":14,"column":0},"end":{"line":247,"column":null}}},"1":{"name":"GameState","decl":{"start":{"line":20,"column":2},"end":{"line":20,"column":14}},"loc":{"start":{"line":20,"column":28},"end":{"line":29,"column":3}}},"2":{"name":"(anonymous_4)","decl":{"start":{"line":34,"column":2},"end":{"line":34,"column":16}},"loc":{"start":{"line":34,"column":95},"end":{"line":54,"column":3}}},"3":{"name":"(anonymous_5)","decl":{"start":{"line":36,"column":26},"end":{"line":36,"column":27}},"loc":{"start":{"line":36,"column":40},"end":{"line":47,"column":5}}},"4":{"name":"(anonymous_6)","decl":{"start":{"line":59,"column":2},"end":{"line":59,"column":10}},"loc":{"start":{"line":59,"column":2},"end":{"line":61,"column":3}}},"5":{"name":"(anonymous_7)","decl":{"start":{"line":66,"column":2},"end":{"line":66,"column":17}},"loc":{"start":{"line":66,"column":2},"end":{"line":68,"column":3}}},"6":{"name":"(anonymous_8)","decl":{"start":{"line":73,"column":2},"end":{"line":73,"column":15}},"loc":{"start":{"line":73,"column":2},"end":{"line":75,"column":3}}},"7":{"name":"(anonymous_9)","decl":{"start":{"line":80,"column":2},"end":{"line":80,"column":16}},"loc":{"start":{"line":80,"column":2},"end":{"line":82,"column":3}}},"8":{"name":"(anonymous_10)","decl":{"start":{"line":87,"column":2},"end":{"line":87,"column":18}},"loc":{"start":{"line":87,"column":2},"end":{"line":89,"column":3}}},"9":{"name":"(anonymous_11)","decl":{"start":{"line":94,"column":2},"end":{"line":94,"column":14}},"loc":{"start":{"line":94,"column":2},"end":{"line":113,"column":3}}},"10":{"name":"(anonymous_12)","decl":{"start":{"line":118,"column":2},"end":{"line":118,"column":10}},"loc":{"start":{"line":118,"column":2},"end":{"line":136,"column":3}}},"11":{"name":"(anonymous_13)","decl":{"start":{"line":120,"column":43},"end":{"line":120,"column":44}},"loc":{"start":{"line":120,"column":44},"end":{"line":120,"column":49}}},"12":{"name":"(anonymous_14)","decl":{"start":{"line":141,"column":2},"end":{"line":141,"column":10}},"loc":{"start":{"line":141,"column":2},"end":{"line":149,"column":3}}},"13":{"name":"(anonymous_15)","decl":{"start":{"line":154,"column":2},"end":{"line":154,"column":12}},"loc":{"start":{"line":154,"column":2},"end":{"line":157,"column":3}}},"14":{"name":"(anonymous_16)","decl":{"start":{"line":156,"column":24},"end":{"line":156,"column":30}},"loc":{"start":{"line":156,"column":30},"end":{"line":156,"column":38}}},"15":{"name":"(anonymous_17)","decl":{"start":{"line":162,"column":2},"end":{"line":162,"column":12}},"loc":{"start":{"line":162,"column":2},"end":{"line":166,"column":3}}},"16":{"name":"(anonymous_18)","decl":{"start":{"line":164,"column":42},"end":{"line":164,"column":43}},"loc":{"start":{"line":164,"column":43},"end":{"line":164,"column":48}}},"17":{"name":"(anonymous_19)","decl":{"start":{"line":165,"column":26},"end":{"line":165,"column":27}},"loc":{"start":{"line":165,"column":27},"end":{"line":165,"column":32}}},"18":{"name":"(anonymous_20)","decl":{"start":{"line":172,"column":2},"end":{"line":172,"column":7}},"loc":{"start":{"line":172,"column":2},"end":{"line":178,"column":3}}},"19":{"name":"(anonymous_21)","decl":{"start":{"line":184,"column":2},"end":{"line":184,"column":10}},"loc":{"start":{"line":184,"column":2},"end":{"line":223,"column":3}}},"20":{"name":"(anonymous_22)","decl":{"start":{"line":202,"column":20},"end":{"line":202,"column":26}},"loc":{"start":{"line":202,"column":26},"end":{"line":207,"column":5}}},"21":{"name":"(anonymous_23)","decl":{"start":{"line":210,"column":20},"end":{"line":210,"column":26}},"loc":{"start":{"line":210,"column":26},"end":{"line":220,"column":5}}},"22":{"name":"(anonymous_24)","decl":{"start":{"line":228,"column":2},"end":{"line":228,"column":8}},"loc":{"start":{"line":228,"column":2},"end":{"line":235,"column":3}}},"23":{"name":"(anonymous_25)","decl":{"start":{"line":240,"column":2},"end":{"line":240,"column":9}},"loc":{"start":{"line":240,"column":27},"end":{"line":246,"column":3}}}},"branchMap":{"0":{"loc":{"start":{"line":42,"column":8},"end":{"line":42,"column":28}},"type":"binary-expr","locations":[{"start":{"line":42,"column":8},"end":{"line":42,"column":19}},{"start":{"line":42,"column":23},"end":{"line":42,"column":28}}]},"1":{"loc":{"start":{"line":51,"column":4},"end":{"line":53,"column":null}},"type":"if","locations":[{"start":{"line":51,"column":4},"end":{"line":53,"column":null}}]},"2":{"loc":{"start":{"line":106,"column":4},"end":{"line":112,"column":null}},"type":"if","locations":[{"start":{"line":106,"column":4},"end":{"line":112,"column":null}},{"start":{"line":109,"column":11},"end":{"line":112,"column":null}}]},"3":{"loc":{"start":{"line":122,"column":4},"end":{"line":129,"column":null}},"type":"if","locations":[{"start":{"line":122,"column":4},"end":{"line":129,"column":null}},{"start":{"line":126,"column":11},"end":{"line":129,"column":null}}]},"4":{"loc":{"start":{"line":142,"column":4},"end":{"line":144,"column":null}},"type":"if","locations":[{"start":{"line":142,"column":4},"end":{"line":144,"column":null}}]},"5":{"loc":{"start":{"line":189,"column":4},"end":{"line":191,"column":null}},"type":"if","locations":[{"start":{"line":189,"column":4},"end":{"line":191,"column":null}}]},"6":{"loc":{"start":{"line":192,"column":4},"end":{"line":194,"column":null}},"type":"if","locations":[{"start":{"line":192,"column":4},"end":{"line":194,"column":null}}]},"7":{"loc":{"start":{"line":197,"column":4},"end":{"line":199,"column":null}},"type":"if","locations":[{"start":{"line":197,"column":4},"end":{"line":199,"column":null}}]},"8":{"loc":{"start":{"line":204,"column":6},"end":{"line":206,"column":null}},"type":"if","locations":[{"start":{"line":204,"column":6},"end":{"line":206,"column":null}}]},"9":{"loc":{"start":{"line":217,"column":6},"end":{"line":219,"column":null}},"type":"if","locations":[{"start":{"line":217,"column":6},"end":{"line":219,"column":null}}]}},"s":{"0":1,"1":1,"2":1,"3":1,"4":22,"5":22,"6":22,"7":22,"8":1,"9":19,"10":19,"11":39,"12":39,"13":19,"14":19,"15":19,"16":1,"17":13,"18":1,"19":1,"20":1,"21":1,"22":1,"23":1,"24":1,"25":7,"26":1,"27":29,"28":29,"29":29,"30":26,"31":3,"32":1,"33":3,"34":3,"35":3,"36":4,"37":3,"38":1,"39":1,"40":2,"41":3,"42":3,"43":1,"44":6,"45":1,"46":5,"47":5,"48":5,"49":1,"50":2,"51":2,"52":2,"53":3,"54":1,"55":2,"56":2,"57":6,"58":2,"59":6,"60":1,"61":2,"62":2,"63":2,"64":2,"65":2,"66":1,"67":2,"68":2,"69":2,"70":2,"71":1,"72":2,"73":0,"74":2,"75":0,"76":2,"77":3,"78":3,"79":0,"80":2,"81":3,"82":3,"83":0,"84":2,"85":1,"86":1,"87":1,"88":1,"89":1,"90":1,"91":1,"92":1,"93":1,"94":1},"f":{"0":1,"1":22,"2":19,"3":39,"4":13,"5":1,"6":1,"7":1,"8":7,"9":29,"10":3,"11":4,"12":6,"13":2,"14":3,"15":2,"16":6,"17":6,"18":2,"19":2,"20":3,"21":3,"22":1,"23":1},"b":{"0":[39,39],"1":[19],"2":[26,3],"3":[1,2],"4":[1],"5":[1],"6":[0],"7":[0],"8":[0],"9":[0]}}
,"S:\\Dev\\AlienFrontiers\\af-js\\src\\game\\player.ts": {"path":"S:\\Dev\\AlienFrontiers\\af-js\\src\\game\\player.ts","statementMap":{"0":{"start":{"line":27,"column":0},"end":{"line":27,"column":13}},"1":{"start":{"line":31,"column":4},"end":{"line":31,"column":29}},"2":{"start":{"line":37,"column":2},"end":{"line":59,"column":null}},"3":{"start":{"line":42,"column":4},"end":{"line":42,"column":null}},"4":{"start":{"line":44,"column":27},"end":{"line":55,"column":6}},"5":{"start":{"line":57,"column":4},"end":{"line":57,"column":33}},"6":{"start":{"line":58,"column":4},"end":{"line":58,"column":18}},"7":{"start":{"line":64,"column":2},"end":{"line":66,"column":null}},"8":{"start":{"line":65,"column":4},"end":{"line":65,"column":38}},"9":{"start":{"line":71,"column":2},"end":{"line":73,"column":null}},"10":{"start":{"line":72,"column":4},"end":{"line":72,"column":45}},"11":{"start":{"line":78,"column":2},"end":{"line":80,"column":null}},"12":{"start":{"line":79,"column":4},"end":{"line":79,"column":74}},"13":{"start":{"line":79,"column":47},"end":{"line":79,"column":73}},"14":{"start":{"line":85,"column":2},"end":{"line":94,"column":null}},"15":{"start":{"line":86,"column":19},"end":{"line":86,"column":45}},"16":{"start":{"line":87,"column":4},"end":{"line":87,"column":30}},"17":{"start":{"line":87,"column":17},"end":{"line":87,"column":30}},"18":{"start":{"line":89,"column":4},"end":{"line":89,"column":61}},"19":{"start":{"line":89,"column":23},"end":{"line":89,"column":61}},"20":{"start":{"line":90,"column":4},"end":{"line":90,"column":64}},"21":{"start":{"line":90,"column":24},"end":{"line":90,"column":64}},"22":{"start":{"line":91,"column":4},"end":{"line":91,"column":70}},"23":{"start":{"line":91,"column":26},"end":{"line":91,"column":70}},"24":{"start":{"line":93,"column":4},"end":{"line":93,"column":16}},"25":{"start":{"line":100,"column":2},"end":{"line":115,"column":null}},"26":{"start":{"line":101,"column":19},"end":{"line":101,"column":45}},"27":{"start":{"line":102,"column":4},"end":{"line":102,"column":30}},"28":{"start":{"line":102,"column":17},"end":{"line":102,"column":30}},"29":{"start":{"line":105,"column":4},"end":{"line":105,"column":76}},"30":{"start":{"line":105,"column":63},"end":{"line":105,"column":76}},"31":{"start":{"line":106,"column":4},"end":{"line":106,"column":79}},"32":{"start":{"line":106,"column":66},"end":{"line":106,"column":79}},"33":{"start":{"line":107,"column":4},"end":{"line":107,"column":85}},"34":{"start":{"line":107,"column":72},"end":{"line":107,"column":85}},"35":{"start":{"line":110,"column":4},"end":{"line":110,"column":61}},"36":{"start":{"line":110,"column":23},"end":{"line":110,"column":61}},"37":{"start":{"line":111,"column":4},"end":{"line":111,"column":64}},"38":{"start":{"line":111,"column":24},"end":{"line":111,"column":64}},"39":{"start":{"line":112,"column":4},"end":{"line":112,"column":70}},"40":{"start":{"line":112,"column":26},"end":{"line":112,"column":70}},"41":{"start":{"line":114,"column":4},"end":{"line":114,"column":16}},"42":{"start":{"line":120,"column":2},"end":{"line":129,"column":null}},"43":{"start":{"line":121,"column":19},"end":{"line":121,"column":45}},"44":{"start":{"line":122,"column":4},"end":{"line":122,"column":30}},"45":{"start":{"line":122,"column":17},"end":{"line":122,"column":30}},"46":{"start":{"line":124,"column":4},"end":{"line":124,"column":66}},"47":{"start":{"line":124,"column":53},"end":{"line":124,"column":66}},"48":{"start":{"line":125,"column":4},"end":{"line":125,"column":69}},"49":{"start":{"line":125,"column":56},"end":{"line":125,"column":69}},"50":{"start":{"line":126,"column":4},"end":{"line":126,"column":75}},"51":{"start":{"line":126,"column":62},"end":{"line":126,"column":75}},"52":{"start":{"line":128,"column":4},"end":{"line":128,"column":16}},"53":{"start":{"line":134,"column":2},"end":{"line":142,"column":null}},"54":{"start":{"line":135,"column":19},"end":{"line":135,"column":45}},"55":{"start":{"line":136,"column":4},"end":{"line":136,"column":30}},"56":{"start":{"line":136,"column":17},"end":{"line":136,"column":30}},"57":{"start":{"line":137,"column":4},"end":{"line":137,"column":63}},"58":{"start":{"line":137,"column":50},"end":{"line":137,"column":63}},"59":{"start":{"line":139,"column":4},"end":{"line":139,"column":35}},"60":{"start":{"line":140,"column":4},"end":{"line":140,"column":44}},"61":{"start":{"line":141,"column":4},"end":{"line":141,"column":16}},"62":{"start":{"line":147,"column":2},"end":{"line":154,"column":null}},"63":{"start":{"line":148,"column":19},"end":{"line":148,"column":45}},"64":{"start":{"line":149,"column":4},"end":{"line":149,"column":30}},"65":{"start":{"line":149,"column":17},"end":{"line":149,"column":30}},"66":{"start":{"line":151,"column":4},"end":{"line":151,"column":39}},"67":{"start":{"line":152,"column":4},"end":{"line":152,"column":44}},"68":{"start":{"line":153,"column":4},"end":{"line":153,"column":16}},"69":{"start":{"line":159,"column":2},"end":{"line":181,"column":null}},"70":{"start":{"line":160,"column":19},"end":{"line":160,"column":45}},"71":{"start":{"line":161,"column":4},"end":{"line":161,"column":24}},"72":{"start":{"line":161,"column":17},"end":{"line":161,"column":24}},"73":{"start":{"line":164,"column":4},"end":{"line":164,"column":59}},"74":{"start":{"line":167,"column":4},"end":{"line":167,"column":66}},"75":{"start":{"line":176,"column":4},"end":{"line":180,"column":35}},"76":{"start":{"line":186,"column":2},"end":{"line":190,"column":null}},"77":{"start":{"line":187,"column":19},"end":{"line":187,"column":45}},"78":{"start":{"line":188,"column":4},"end":{"line":188,"column":30}},"79":{"start":{"line":188,"column":17},"end":{"line":188,"column":30}},"80":{"start":{"line":189,"column":4},"end":{"line":189,"column":43}},"81":{"start":{"line":195,"column":2},"end":{"line":207,"column":null}},"82":{"start":{"line":196,"column":19},"end":{"line":196,"column":38}},"83":{"start":{"line":197,"column":4},"end":{"line":205,"column":7}},"84":{"start":{"line":198,"column":6},"end":{"line":204,"column":9}},"85":{"start":{"line":206,"column":4},"end":{"line":206,"column":18}},"86":{"start":{"line":212,"column":2},"end":{"line":216,"column":null}},"87":{"start":{"line":213,"column":4},"end":{"line":215,"column":6}},"88":{"start":{"line":221,"column":9},"end":{"line":229,"column":null}},"89":{"start":{"line":222,"column":20},"end":{"line":222,"column":39}},"90":{"start":{"line":223,"column":4},"end":{"line":227,"column":null}},"91":{"start":{"line":224,"column":6},"end":{"line":226,"column":9}},"92":{"start":{"line":224,"column":31},"end":{"line":224,"column":33}},"93":{"start":{"line":224,"column":39},"end":{"line":224,"column":58}},"94":{"start":{"line":225,"column":8},"end":{"line":225,"column":40}},"95":{"start":{"line":228,"column":4},"end":{"line":228,"column":19}},"96":{"start":{"line":230,"column":0},"end":{"line":230,"column":null}},"97":{"start":{"line":27,"column":13},"end":{"line":27,"column":26}}},"fnMap":{"0":{"name":"(anonymous_3)","decl":{"start":{"line":27,"column":0},"end":{"line":27,"column":13}},"loc":{"start":{"line":27,"column":0},"end":{"line":230,"column":null}}},"1":{"name":"PlayerManager","decl":{"start":{"line":30,"column":2},"end":{"line":30,"column":null}},"loc":{"start":{"line":30,"column":2},"end":{"line":32,"column":3}}},"2":{"name":"(anonymous_5)","decl":{"start":{"line":37,"column":2},"end":{"line":37,"column":14}},"loc":{"start":{"line":42,"column":25},"end":{"line":59,"column":3}}},"3":{"name":"(anonymous_6)","decl":{"start":{"line":64,"column":2},"end":{"line":64,"column":11}},"loc":{"start":{"line":64,"column":28},"end":{"line":66,"column":3}}},"4":{"name":"(anonymous_7)","decl":{"start":{"line":71,"column":2},"end":{"line":71,"column":15}},"loc":{"start":{"line":71,"column":2},"end":{"line":73,"column":3}}},"5":{"name":"(anonymous_8)","decl":{"start":{"line":78,"column":2},"end":{"line":78,"column":23}},"loc":{"start":{"line":78,"column":2},"end":{"line":80,"column":3}}},"6":{"name":"(anonymous_9)","decl":{"start":{"line":79,"column":37},"end":{"line":79,"column":38}},"loc":{"start":{"line":79,"column":42},"end":{"line":79,"column":48}}},"7":{"name":"(anonymous_10)","decl":{"start":{"line":85,"column":2},"end":{"line":85,"column":14}},"loc":{"start":{"line":85,"column":62},"end":{"line":94,"column":3}}},"8":{"name":"(anonymous_11)","decl":{"start":{"line":100,"column":2},"end":{"line":100,"column":17}},"loc":{"start":{"line":100,"column":65},"end":{"line":115,"column":3}}},"9":{"name":"(anonymous_12)","decl":{"start":{"line":120,"column":2},"end":{"line":120,"column":11}},"loc":{"start":{"line":120,"column":54},"end":{"line":129,"column":3}}},"10":{"name":"(anonymous_13)","decl":{"start":{"line":134,"column":2},"end":{"line":134,"column":11}},"loc":{"start":{"line":134,"column":54},"end":{"line":142,"column":3}}},"11":{"name":"(anonymous_14)","decl":{"start":{"line":147,"column":2},"end":{"line":147,"column":18}},"loc":{"start":{"line":147,"column":51},"end":{"line":154,"column":3}}},"12":{"name":"(anonymous_15)","decl":{"start":{"line":159,"column":2},"end":{"line":159,"column":26}},"loc":{"start":{"line":159,"column":43},"end":{"line":181,"column":3}}},"13":{"name":"(anonymous_16)","decl":{"start":{"line":186,"column":2},"end":{"line":186,"column":8}},"loc":{"start":{"line":186,"column":25},"end":{"line":190,"column":3}}},"14":{"name":"(anonymous_17)","decl":{"start":{"line":195,"column":2},"end":{"line":195,"column":7}},"loc":{"start":{"line":195,"column":2},"end":{"line":207,"column":3}}},"15":{"name":"(anonymous_18)","decl":{"start":{"line":197,"column":25},"end":{"line":197,"column":26}},"loc":{"start":{"line":197,"column":36},"end":{"line":205,"column":5}}},"16":{"name":"(anonymous_19)","decl":{"start":{"line":212,"column":2},"end":{"line":212,"column":8}},"loc":{"start":{"line":212,"column":2},"end":{"line":216,"column":3}}},"17":{"name":"(anonymous_20)","decl":{"start":{"line":221,"column":2},"end":{"line":221,"column":9}},"loc":{"start":{"line":221,"column":27},"end":{"line":229,"column":3}}},"18":{"name":"(anonymous_21)","decl":{"start":{"line":224,"column":27},"end":{"line":224,"column":28}},"loc":{"start":{"line":224,"column":58},"end":{"line":226,"column":7}}}},"branchMap":{"0":{"loc":{"start":{"line":42,"column":4},"end":{"line":42,"column":null}},"type":"if","locations":[{"start":{"line":42,"column":4},"end":{"line":42,"column":null}}]},"1":{"loc":{"start":{"line":87,"column":4},"end":{"line":87,"column":30}},"type":"if","locations":[{"start":{"line":87,"column":4},"end":{"line":87,"column":30}}]},"2":{"loc":{"start":{"line":89,"column":4},"end":{"line":89,"column":61}},"type":"if","locations":[{"start":{"line":89,"column":4},"end":{"line":89,"column":61}}]},"3":{"loc":{"start":{"line":90,"column":4},"end":{"line":90,"column":64}},"type":"if","locations":[{"start":{"line":90,"column":4},"end":{"line":90,"column":64}}]},"4":{"loc":{"start":{"line":91,"column":4},"end":{"line":91,"column":70}},"type":"if","locations":[{"start":{"line":91,"column":4},"end":{"line":91,"column":70}}]},"5":{"loc":{"start":{"line":102,"column":4},"end":{"line":102,"column":30}},"type":"if","locations":[{"start":{"line":102,"column":4},"end":{"line":102,"column":30}}]},"6":{"loc":{"start":{"line":105,"column":4},"end":{"line":105,"column":76}},"type":"if","locations":[{"start":{"line":105,"column":4},"end":{"line":105,"column":76}}]},"7":{"loc":{"start":{"line":105,"column":8},"end":{"line":105,"column":61}},"type":"binary-expr","locations":[{"start":{"line":105,"column":8},"end":{"line":105,"column":21}},{"start":{"line":105,"column":25},"end":{"line":105,"column":61}}]},"8":{"loc":{"start":{"line":106,"column":4},"end":{"line":106,"column":79}},"type":"if","locations":[{"start":{"line":106,"column":4},"end":{"line":106,"column":79}}]},"9":{"loc":{"start":{"line":106,"column":8},"end":{"line":106,"column":64}},"type":"binary-expr","locations":[{"start":{"line":106,"column":8},"end":{"line":106,"column":22}},{"start":{"line":106,"column":26},"end":{"line":106,"column":64}}]},"10":{"loc":{"start":{"line":107,"column":4},"end":{"line":107,"column":85}},"type":"if","locations":[{"start":{"line":107,"column":4},"end":{"line":107,"column":85}}]},"11":{"loc":{"start":{"line":107,"column":8},"end":{"line":107,"column":70}},"type":"binary-expr","locations":[{"start":{"line":107,"column":8},"end":{"line":107,"column":24}},{"start":{"line":107,"column":28},"end":{"line":107,"column":70}}]},"12":{"loc":{"start":{"line":110,"column":4},"end":{"line":110,"column":61}},"type":"if","locations":[{"start":{"line":110,"column":4},"end":{"line":110,"column":61}}]},"13":{"loc":{"start":{"line":111,"column":4},"end":{"line":111,"column":64}},"type":"if","locations":[{"start":{"line":111,"column":4},"end":{"line":111,"column":64}}]},"14":{"loc":{"start":{"line":112,"column":4},"end":{"line":112,"column":70}},"type":"if","locations":[{"start":{"line":112,"column":4},"end":{"line":112,"column":70}}]},"15":{"loc":{"start":{"line":122,"column":4},"end":{"line":122,"column":30}},"type":"if","locations":[{"start":{"line":122,"column":4},"end":{"line":122,"column":30}}]},"16":{"loc":{"start":{"line":124,"column":4},"end":{"line":124,"column":66}},"type":"if","locations":[{"start":{"line":124,"column":4},"end":{"line":124,"column":66}}]},"17":{"loc":{"start":{"line":124,"column":8},"end":{"line":124,"column":51}},"type":"binary-expr","locations":[{"start":{"line":124,"column":8},"end":{"line":124,"column":16}},{"start":{"line":124,"column":20},"end":{"line":124,"column":51}}]},"18":{"loc":{"start":{"line":125,"column":4},"end":{"line":125,"column":69}},"type":"if","locations":[{"start":{"line":125,"column":4},"end":{"line":125,"column":69}}]},"19":{"loc":{"start":{"line":125,"column":8},"end":{"line":125,"column":54}},"type":"binary-expr","locations":[{"start":{"line":125,"column":8},"end":{"line":125,"column":17}},{"start":{"line":125,"column":21},"end":{"line":125,"column":54}}]},"20":{"loc":{"start":{"line":126,"column":4},"end":{"line":126,"column":75}},"type":"if","locations":[{"start":{"line":126,"column":4},"end":{"line":126,"column":75}}]},"21":{"loc":{"start":{"line":126,"column":8},"end":{"line":126,"column":60}},"type":"binary-expr","locations":[{"start":{"line":126,"column":8},"end":{"line":126,"column":19}},{"start":{"line":126,"column":23},"end":{"line":126,"column":60}}]},"22":{"loc":{"start":{"line":136,"column":4},"end":{"line":136,"column":30}},"type":"if","locations":[{"start":{"line":136,"column":4},"end":{"line":136,"column":30}}]},"23":{"loc":{"start":{"line":137,"column":4},"end":{"line":137,"column":63}},"type":"if","locations":[{"start":{"line":137,"column":4},"end":{"line":137,"column":63}}]},"24":{"loc":{"start":{"line":149,"column":4},"end":{"line":149,"column":30}},"type":"if","locations":[{"start":{"line":149,"column":4},"end":{"line":149,"column":30}}]},"25":{"loc":{"start":{"line":161,"column":4},"end":{"line":161,"column":24}},"type":"if","locations":[{"start":{"line":161,"column":4},"end":{"line":161,"column":24}}]},"26":{"loc":{"start":{"line":188,"column":4},"end":{"line":188,"column":30}},"type":"if","locations":[{"start":{"line":188,"column":4},"end":{"line":188,"column":30}}]},"27":{"loc":{"start":{"line":223,"column":4},"end":{"line":227,"column":null}},"type":"if","locations":[{"start":{"line":223,"column":4},"end":{"line":227,"column":null}}]}},"s":{"0":2,"1":48,"2":2,"3":81,"4":61,"5":61,"6":61,"7":2,"8":20,"9":2,"10":30,"11":2,"12":23,"13":27,"14":2,"15":13,"16":13,"17":0,"18":13,"19":13,"20":13,"21":4,"22":13,"23":0,"24":13,"25":2,"26":2,"27":2,"28":0,"29":2,"30":1,"31":1,"32":0,"33":1,"34":0,"35":1,"36":1,"37":1,"38":1,"39":1,"40":0,"41":1,"42":2,"43":2,"44":2,"45":0,"46":2,"47":1,"48":1,"49":0,"50":1,"51":0,"52":1,"53":2,"54":27,"55":27,"56":0,"57":27,"58":1,"59":26,"60":26,"61":26,"62":2,"63":5,"64":5,"65":0,"66":5,"67":5,"68":5,"69":2,"70":31,"71":31,"72":0,"73":31,"74":31,"75":31,"76":2,"77":5,"78":5,"79":0,"80":5,"81":2,"82":3,"83":3,"84":5,"85":3,"86":2,"87":2,"88":2,"89":2,"90":2,"91":2,"92":3,"93":3,"94":3,"95":2,"96":2,"97":2},"f":{"0":2,"1":48,"2":61,"3":20,"4":30,"5":23,"6":27,"7":13,"8":2,"9":2,"10":27,"11":5,"12":31,"13":5,"14":3,"15":5,"16":2,"17":2,"18":3},"b":{"0":[20],"1":[0],"2":[13],"3":[4],"4":[0],"5":[0],"6":[1],"7":[2,2],"8":[0],"9":[1,1],"10":[0],"11":[1,0],"12":[1],"13":[1],"14":[0],"15":[0],"16":[1],"17":[2,2],"18":[0],"19":[1,1],"20":[0],"21":[1,0],"22":[0],"23":[1],"24":[0],"25":[0],"26":[0],"27":[2]}}
,"S:\\Dev\\AlienFrontiers\\af-js\\src\\game\\ship.ts": {"path":"S:\\Dev\\AlienFrontiers\\af-js\\src\\game\\ship.ts","statementMap":{"0":{"start":{"line":23,"column":0},"end":{"line":23,"column":13}},"1":{"start":{"line":27,"column":4},"end":{"line":27,"column":27}},"2":{"start":{"line":33,"column":2},"end":{"line":50,"column":null}},"3":{"start":{"line":34,"column":32},"end":{"line":34,"column":34}},"4":{"start":{"line":36,"column":4},"end":{"line":47,"column":null}},"5":{"start":{"line":36,"column":17},"end":{"line":36,"column":18}},"6":{"start":{"line":37,"column":25},"end":{"line":43,"column":8}},"7":{"start":{"line":45,"column":6},"end":{"line":45,"column":36}},"8":{"start":{"line":46,"column":6},"end":{"line":46,"column":29}},"9":{"start":{"line":49,"column":4},"end":{"line":49,"column":23}},"10":{"start":{"line":55,"column":2},"end":{"line":58,"column":null}},"11":{"start":{"line":56,"column":4},"end":{"line":57,"column":50}},"12":{"start":{"line":57,"column":22},"end":{"line":57,"column":49}},"13":{"start":{"line":63,"column":2},"end":{"line":66,"column":null}},"14":{"start":{"line":64,"column":4},"end":{"line":65,"column":50}},"15":{"start":{"line":65,"column":22},"end":{"line":65,"column":49}},"16":{"start":{"line":71,"column":2},"end":{"line":73,"column":null}},"17":{"start":{"line":72,"column":4},"end":{"line":72,"column":34}},"18":{"start":{"line":78,"column":2},"end":{"line":89,"column":null}},"19":{"start":{"line":79,"column":24},"end":{"line":79,"column":53}},"20":{"start":{"line":80,"column":31},"end":{"line":80,"column":33}},"21":{"start":{"line":82,"column":4},"end":{"line":86,"column":7}},"22":{"start":{"line":83,"column":20},"end":{"line":83,"column":53}},"23":{"start":{"line":84,"column":6},"end":{"line":84,"column":28}},"24":{"start":{"line":85,"column":6},"end":{"line":85,"column":23}},"25":{"start":{"line":88,"column":4},"end":{"line":88,"column":17}},"26":{"start":{"line":95,"column":2},"end":{"line":103,"column":null}},"27":{"start":{"line":96,"column":17},"end":{"line":96,"column":39}},"28":{"start":{"line":97,"column":4},"end":{"line":97,"column":28}},"29":{"start":{"line":97,"column":15},"end":{"line":97,"column":28}},"30":{"start":{"line":98,"column":4},"end":{"line":98,"column":36}},"31":{"start":{"line":98,"column":23},"end":{"line":98,"column":36}},"32":{"start":{"line":99,"column":4},"end":{"line":99,"column":46}},"33":{"start":{"line":99,"column":33},"end":{"line":99,"column":46}},"34":{"start":{"line":101,"column":4},"end":{"line":101,"column":29}},"35":{"start":{"line":102,"column":4},"end":{"line":102,"column":16}},"36":{"start":{"line":108,"column":2},"end":{"line":115,"column":null}},"37":{"start":{"line":109,"column":17},"end":{"line":109,"column":39}},"38":{"start":{"line":110,"column":4},"end":{"line":110,"column":28}},"39":{"start":{"line":110,"column":15},"end":{"line":110,"column":28}},"40":{"start":{"line":111,"column":4},"end":{"line":111,"column":45}},"41":{"start":{"line":111,"column":32},"end":{"line":111,"column":45}},"42":{"start":{"line":113,"column":4},"end":{"line":113,"column":25}},"43":{"start":{"line":114,"column":4},"end":{"line":114,"column":16}},"44":{"start":{"line":120,"column":2},"end":{"line":128,"column":null}},"45":{"start":{"line":121,"column":17},"end":{"line":121,"column":39}},"46":{"start":{"line":122,"column":4},"end":{"line":122,"column":28}},"47":{"start":{"line":122,"column":15},"end":{"line":122,"column":28}},"48":{"start":{"line":124,"column":4},"end":{"line":124,"column":25}},"49":{"start":{"line":125,"column":4},"end":{"line":125,"column":26}},"50":{"start":{"line":126,"column":4},"end":{"line":126,"column":26}},"51":{"start":{"line":127,"column":4},"end":{"line":127,"column":16}},"52":{"start":{"line":133,"column":2},"end":{"line":140,"column":null}},"53":{"start":{"line":134,"column":24},"end":{"line":134,"column":53}},"54":{"start":{"line":135,"column":4},"end":{"line":139,"column":7}},"55":{"start":{"line":136,"column":6},"end":{"line":136,"column":27}},"56":{"start":{"line":137,"column":6},"end":{"line":137,"column":28}},"57":{"start":{"line":138,"column":6},"end":{"line":138,"column":28}},"58":{"start":{"line":145,"column":2},"end":{"line":148,"column":null}},"59":{"start":{"line":146,"column":4},"end":{"line":147,"column":64}},"60":{"start":{"line":147,"column":22},"end":{"line":147,"column":63}},"61":{"start":{"line":153,"column":2},"end":{"line":159,"column":null}},"62":{"start":{"line":154,"column":19},"end":{"line":154,"column":36}},"63":{"start":{"line":155,"column":4},"end":{"line":157,"column":7}},"64":{"start":{"line":156,"column":6},"end":{"line":156,"column":40}},"65":{"start":{"line":158,"column":4},"end":{"line":158,"column":18}},"66":{"start":{"line":164,"column":2},"end":{"line":168,"column":null}},"67":{"start":{"line":165,"column":4},"end":{"line":167,"column":6}},"68":{"start":{"line":173,"column":9},"end":{"line":181,"column":null}},"69":{"start":{"line":174,"column":20},"end":{"line":174,"column":37}},"70":{"start":{"line":175,"column":4},"end":{"line":179,"column":null}},"71":{"start":{"line":176,"column":6},"end":{"line":178,"column":9}},"72":{"start":{"line":176,"column":29},"end":{"line":176,"column":31}},"73":{"start":{"line":176,"column":35},"end":{"line":176,"column":52}},"74":{"start":{"line":177,"column":8},"end":{"line":177,"column":36}},"75":{"start":{"line":180,"column":4},"end":{"line":180,"column":19}},"76":{"start":{"line":182,"column":0},"end":{"line":182,"column":null}},"77":{"start":{"line":23,"column":13},"end":{"line":23,"column":24}}},"fnMap":{"0":{"name":"(anonymous_2)","decl":{"start":{"line":23,"column":0},"end":{"line":23,"column":13}},"loc":{"start":{"line":23,"column":0},"end":{"line":182,"column":null}}},"1":{"name":"ShipManager","decl":{"start":{"line":26,"column":2},"end":{"line":26,"column":null}},"loc":{"start":{"line":26,"column":2},"end":{"line":28,"column":3}}},"2":{"name":"(anonymous_4)","decl":{"start":{"line":33,"column":2},"end":{"line":33,"column":19}},"loc":{"start":{"line":33,"column":36},"end":{"line":50,"column":3}}},"3":{"name":"(anonymous_5)","decl":{"start":{"line":55,"column":2},"end":{"line":55,"column":16}},"loc":{"start":{"line":55,"column":33},"end":{"line":58,"column":3}}},"4":{"name":"(anonymous_6)","decl":{"start":{"line":57,"column":14},"end":{"line":57,"column":18}},"loc":{"start":{"line":57,"column":18},"end":{"line":57,"column":26}}},"5":{"name":"(anonymous_7)","decl":{"start":{"line":63,"column":2},"end":{"line":63,"column":20}},"loc":{"start":{"line":63,"column":43},"end":{"line":66,"column":3}}},"6":{"name":"(anonymous_8)","decl":{"start":{"line":65,"column":14},"end":{"line":65,"column":18}},"loc":{"start":{"line":65,"column":18},"end":{"line":65,"column":26}}},"7":{"name":"(anonymous_9)","decl":{"start":{"line":71,"column":2},"end":{"line":71,"column":9}},"loc":{"start":{"line":71,"column":24},"end":{"line":73,"column":3}}},"8":{"name":"(anonymous_10)","decl":{"start":{"line":78,"column":2},"end":{"line":78,"column":10}},"loc":{"start":{"line":78,"column":27},"end":{"line":89,"column":3}}},"9":{"name":"(anonymous_11)","decl":{"start":{"line":82,"column":24},"end":{"line":82,"column":28}},"loc":{"start":{"line":82,"column":28},"end":{"line":86,"column":5}}},"10":{"name":"(anonymous_12)","decl":{"start":{"line":95,"column":2},"end":{"line":95,"column":11}},"loc":{"start":{"line":95,"column":50},"end":{"line":103,"column":3}}},"11":{"name":"(anonymous_13)","decl":{"start":{"line":108,"column":2},"end":{"line":108,"column":10}},"loc":{"start":{"line":108,"column":25},"end":{"line":115,"column":3}}},"12":{"name":"(anonymous_14)","decl":{"start":{"line":120,"column":2},"end":{"line":120,"column":18}},"loc":{"start":{"line":120,"column":33},"end":{"line":128,"column":3}}},"13":{"name":"(anonymous_15)","decl":{"start":{"line":133,"column":2},"end":{"line":133,"column":22}},"loc":{"start":{"line":133,"column":39},"end":{"line":140,"column":3}}},"14":{"name":"(anonymous_16)","decl":{"start":{"line":135,"column":24},"end":{"line":135,"column":28}},"loc":{"start":{"line":135,"column":28},"end":{"line":139,"column":5}}},"15":{"name":"(anonymous_17)","decl":{"start":{"line":145,"column":2},"end":{"line":145,"column":19}},"loc":{"start":{"line":145,"column":36},"end":{"line":148,"column":3}}},"16":{"name":"(anonymous_18)","decl":{"start":{"line":147,"column":14},"end":{"line":147,"column":18}},"loc":{"start":{"line":147,"column":18},"end":{"line":147,"column":26}}},"17":{"name":"(anonymous_19)","decl":{"start":{"line":153,"column":2},"end":{"line":153,"column":7}},"loc":{"start":{"line":153,"column":2},"end":{"line":159,"column":3}}},"18":{"name":"(anonymous_20)","decl":{"start":{"line":155,"column":23},"end":{"line":155,"column":24}},"loc":{"start":{"line":155,"column":32},"end":{"line":157,"column":5}}},"19":{"name":"(anonymous_21)","decl":{"start":{"line":164,"column":2},"end":{"line":164,"column":8}},"loc":{"start":{"line":164,"column":2},"end":{"line":168,"column":3}}},"20":{"name":"(anonymous_22)","decl":{"start":{"line":173,"column":2},"end":{"line":173,"column":9}},"loc":{"start":{"line":173,"column":27},"end":{"line":181,"column":3}}},"21":{"name":"(anonymous_23)","decl":{"start":{"line":176,"column":25},"end":{"line":176,"column":26}},"loc":{"start":{"line":176,"column":52},"end":{"line":178,"column":7}}}},"branchMap":{"0":{"loc":{"start":{"line":97,"column":4},"end":{"line":97,"column":28}},"type":"if","locations":[{"start":{"line":97,"column":4},"end":{"line":97,"column":28}}]},"1":{"loc":{"start":{"line":98,"column":4},"end":{"line":98,"column":36}},"type":"if","locations":[{"start":{"line":98,"column":4},"end":{"line":98,"column":36}}]},"2":{"loc":{"start":{"line":99,"column":4},"end":{"line":99,"column":46}},"type":"if","locations":[{"start":{"line":99,"column":4},"end":{"line":99,"column":46}}]},"3":{"loc":{"start":{"line":110,"column":4},"end":{"line":110,"column":28}},"type":"if","locations":[{"start":{"line":110,"column":4},"end":{"line":110,"column":28}}]},"4":{"loc":{"start":{"line":111,"column":4},"end":{"line":111,"column":45}},"type":"if","locations":[{"start":{"line":111,"column":4},"end":{"line":111,"column":45}}]},"5":{"loc":{"start":{"line":122,"column":4},"end":{"line":122,"column":28}},"type":"if","locations":[{"start":{"line":122,"column":4},"end":{"line":122,"column":28}}]},"6":{"loc":{"start":{"line":147,"column":22},"end":{"line":147,"column":62}},"type":"binary-expr","locations":[{"start":{"line":147,"column":22},"end":{"line":147,"column":44}},{"start":{"line":147,"column":48},"end":{"line":147,"column":62}}]},"7":{"loc":{"start":{"line":175,"column":4},"end":{"line":179,"column":null}},"type":"if","locations":[{"start":{"line":175,"column":4},"end":{"line":179,"column":null}}]}},"s":{"0":2,"1":45,"2":2,"3":59,"4":59,"5":59,"6":177,"7":177,"8":177,"9":59,"10":2,"11":39,"12":165,"13":2,"14":1,"15":6,"16":2,"17":3,"18":2,"19":17,"20":17,"21":17,"22":51,"23":51,"24":51,"25":17,"26":2,"27":15,"28":15,"29":0,"30":15,"31":1,"32":14,"33":1,"34":13,"35":13,"36":2,"37":7,"38":7,"39":0,"40":7,"41":1,"42":6,"43":6,"44":2,"45":1,"46":1,"47":0,"48":1,"49":1,"50":1,"51":1,"52":2,"53":4,"54":4,"55":12,"56":12,"57":12,"58":2,"59":1,"60":3,"61":2,"62":3,"63":3,"64":15,"65":3,"66":2,"67":2,"68":2,"69":2,"70":2,"71":2,"72":9,"73":9,"74":9,"75":2,"76":2,"77":2},"f":{"0":2,"1":45,"2":59,"3":39,"4":165,"5":1,"6":6,"7":3,"8":17,"9":51,"10":15,"11":7,"12":1,"13":4,"14":12,"15":1,"16":3,"17":3,"18":15,"19":2,"20":2,"21":9},"b":{"0":[0],"1":[1],"2":[1],"3":[0],"4":[1],"5":[0],"6":[3,2],"7":[2]}}
,"S:\\Dev\\AlienFrontiers\\af-js\\src\\game\\types.ts": {"path":"S:\\Dev\\AlienFrontiers\\af-js\\src\\game\\types.ts","statementMap":{"0":{"start":{"line":9,"column":0},"end":{"line":9,"column":null}},"1":{"start":{"line":10,"column":2},"end":{"line":10,"column":null}},"2":{"start":{"line":11,"column":2},"end":{"line":11,"column":null}},"3":{"start":{"line":12,"column":2},"end":{"line":12,"column":null}},"4":{"start":{"line":13,"column":2},"end":{"line":13,"column":null}},"5":{"start":{"line":14,"column":2},"end":{"line":14,"column":null}},"6":{"start":{"line":15,"column":2},"end":{"line":15,"column":null}},"7":{"start":{"line":49,"column":0},"end":{"line":49,"column":null}},"8":{"start":{"line":50,"column":2},"end":{"line":50,"column":null}},"9":{"start":{"line":51,"column":2},"end":{"line":51,"column":null}},"10":{"start":{"line":52,"column":2},"end":{"line":52,"column":null}},"11":{"start":{"line":53,"column":2},"end":{"line":53,"column":null}},"12":{"start":{"line":54,"column":2},"end":{"line":54,"column":null}},"13":{"start":{"line":60,"column":0},"end":{"line":60,"column":null}},"14":{"start":{"line":61,"column":2},"end":{"line":61,"column":null}},"15":{"start":{"line":62,"column":2},"end":{"line":62,"column":null}},"16":{"start":{"line":63,"column":2},"end":{"line":63,"column":null}},"17":{"start":{"line":64,"column":2},"end":{"line":64,"column":null}},"18":{"start":{"line":65,"column":2},"end":{"line":65,"column":null}},"19":{"start":{"line":66,"column":2},"end":{"line":66,"column":null}},"20":{"start":{"line":67,"column":2},"end":{"line":67,"column":null}},"21":{"start":{"line":73,"column":0},"end":{"line":73,"column":null}},"22":{"start":{"line":74,"column":2},"end":{"line":74,"column":null}},"23":{"start":{"line":75,"column":2},"end":{"line":75,"column":null}},"24":{"start":{"line":76,"column":2},"end":{"line":76,"column":null}},"25":{"start":{"line":77,"column":2},"end":{"line":77,"column":null}}},"fnMap":{"0":{"name":"(anonymous_0)","decl":{"start":{"line":9,"column":0},"end":{"line":9,"column":12}},"loc":{"start":{"line":9,"column":21},"end":{"line":16,"column":1}}},"1":{"name":"(anonymous_1)","decl":{"start":{"line":49,"column":0},"end":{"line":49,"column":12}},"loc":{"start":{"line":49,"column":23},"end":{"line":55,"column":1}}},"2":{"name":"(anonymous_2)","decl":{"start":{"line":60,"column":0},"end":{"line":60,"column":12}},"loc":{"start":{"line":60,"column":26},"end":{"line":68,"column":1}}},"3":{"name":"(anonymous_3)","decl":{"start":{"line":73,"column":0},"end":{"line":73,"column":12}},"loc":{"start":{"line":73,"column":29},"end":{"line":78,"column":1}}}},"branchMap":{"0":{"loc":{"start":{"line":9,"column":12},"end":{"line":9,"column":null}},"type":"binary-expr","locations":[{"start":{"line":9,"column":12},"end":{"line":9,"column":21}},{"start":{"line":9,"column":12},"end":{"line":9,"column":null}}]},"1":{"loc":{"start":{"line":49,"column":12},"end":{"line":49,"column":null}},"type":"binary-expr","locations":[{"start":{"line":49,"column":12},"end":{"line":49,"column":23}},{"start":{"line":49,"column":12},"end":{"line":49,"column":null}}]},"2":{"loc":{"start":{"line":60,"column":12},"end":{"line":60,"column":null}},"type":"binary-expr","locations":[{"start":{"line":60,"column":12},"end":{"line":60,"column":26}},{"start":{"line":60,"column":12},"end":{"line":60,"column":null}}]},"3":{"loc":{"start":{"line":73,"column":12},"end":{"line":73,"column":null}},"type":"binary-expr","locations":[{"start":{"line":73,"column":12},"end":{"line":73,"column":29}},{"start":{"line":73,"column":12},"end":{"line":73,"column":null}}]}},"s":{"0":2,"1":2,"2":2,"3":2,"4":2,"5":2,"6":2,"7":2,"8":2,"9":2,"10":2,"11":2,"12":2,"13":2,"14":2,"15":2,"16":2,"17":2,"18":2,"19":2,"20":2,"21":2,"22":2,"23":2,"24":2,"25":2},"f":{"0":2,"1":2,"2":2,"3":2},"b":{"0":[2,2],"1":[2,2],"2":[2,2],"3":[2,2]}}
}
