TN:
SF:src\game\game-state.ts
FN:14,(anonymous_2)
FN:20,GameState
FN:34,(anonymous_4)
FN:36,(anonymous_5)
FN:59,(anonymous_6)
FN:66,(anonymous_7)
FN:73,(anonymous_8)
FN:80,(anonymous_9)
FN:87,(anonymous_10)
FN:94,(anonymous_11)
FN:118,(anonymous_12)
FN:120,(anonymous_13)
FN:141,(anonymous_14)
FN:154,(anonymous_15)
FN:156,(anonymous_16)
FN:162,(anonymous_17)
FN:164,(anonymous_18)
FN:165,(anonymous_19)
FN:172,(anonymous_20)
FN:184,(anonymous_21)
FN:202,(anonymous_22)
FN:210,(anonymous_23)
FN:228,(anonymous_24)
FN:240,(anonymous_25)
FNF:24
FNH:24
FNDA:1,(anonymous_2)
FNDA:22,GameState
FNDA:19,(anonymous_4)
FNDA:39,(anonymous_5)
FNDA:13,(anonymous_6)
FNDA:1,(anonymous_7)
FNDA:1,(anonymous_8)
FNDA:1,(anonymous_9)
FNDA:7,(anonymous_10)
FNDA:29,(anonymous_11)
FNDA:3,(anonymous_12)
FNDA:4,(anonymous_13)
FNDA:6,(anonymous_14)
FNDA:2,(anonymous_15)
FNDA:3,(anonymous_16)
FNDA:2,(anonymous_17)
FNDA:6,(anonymous_18)
FNDA:6,(anonymous_19)
FNDA:2,(anonymous_20)
FNDA:2,(anonymous_21)
FNDA:3,(anonymous_22)
FNDA:3,(anonymous_23)
FNDA:1,(anonymous_24)
FNDA:1,(anonymous_25)
DA:6,1
DA:7,1
DA:8,1
DA:14,1
DA:21,22
DA:22,22
DA:23,22
DA:24,22
DA:34,19
DA:36,19
DA:37,39
DA:46,39
DA:50,19
DA:51,19
DA:52,19
DA:59,1
DA:60,13
DA:66,1
DA:67,1
DA:73,1
DA:74,1
DA:80,1
DA:81,1
DA:87,1
DA:88,7
DA:94,1
DA:95,29
DA:104,29
DA:106,29
DA:108,26
DA:111,3
DA:118,3
DA:119,3
DA:120,4
DA:122,3
DA:124,1
DA:125,1
DA:128,2
DA:132,3
DA:135,3
DA:141,1
DA:142,6
DA:143,1
DA:146,5
DA:147,5
DA:148,5
DA:154,2
DA:155,2
DA:156,3
DA:162,1
DA:163,2
DA:164,6
DA:165,6
DA:172,1
DA:173,2
DA:174,2
DA:175,2
DA:176,2
DA:177,2
DA:184,2
DA:185,2
DA:188,2
DA:189,2
DA:190,1
DA:192,2
DA:193,0
DA:197,2
DA:198,0
DA:202,2
DA:203,3
DA:204,3
DA:205,0
DA:210,2
DA:212,3
DA:217,3
DA:218,0
DA:222,2
DA:228,1
DA:229,1
DA:240,1
DA:241,1
DA:242,1
DA:243,1
DA:244,1
DA:245,1
DA:247,1
LF:86
LH:82
BRDA:42,0,0,39
BRDA:42,0,1,39
BRDA:51,1,0,19
BRDA:106,2,0,26
BRDA:106,2,1,3
BRDA:122,3,0,1
BRDA:122,3,1,2
BRDA:142,4,0,1
BRDA:189,5,0,1
BRDA:192,6,0,0
BRDA:197,7,0,0
BRDA:204,8,0,0
BRDA:217,9,0,0
BRF:13
BRH:9
end_of_record
TN:
SF:src\game\player.ts
FN:27,(anonymous_3)
FN:30,PlayerManager
FN:37,(anonymous_5)
FN:64,(anonymous_6)
FN:71,(anonymous_7)
FN:78,(anonymous_8)
FN:79,(anonymous_9)
FN:85,(anonymous_10)
FN:100,(anonymous_11)
FN:120,(anonymous_12)
FN:134,(anonymous_13)
FN:147,(anonymous_14)
FN:159,(anonymous_15)
FN:186,(anonymous_16)
FN:195,(anonymous_17)
FN:197,(anonymous_18)
FN:212,(anonymous_19)
FN:221,(anonymous_20)
FN:224,(anonymous_21)
FNF:19
FNH:19
FNDA:2,(anonymous_3)
FNDA:48,PlayerManager
FNDA:61,(anonymous_5)
FNDA:20,(anonymous_6)
FNDA:30,(anonymous_7)
FNDA:23,(anonymous_8)
FNDA:27,(anonymous_9)
FNDA:13,(anonymous_10)
FNDA:2,(anonymous_11)
FNDA:2,(anonymous_12)
FNDA:27,(anonymous_13)
FNDA:5,(anonymous_14)
FNDA:31,(anonymous_15)
FNDA:5,(anonymous_16)
FNDA:3,(anonymous_17)
FNDA:5,(anonymous_18)
FNDA:2,(anonymous_19)
FNDA:2,(anonymous_20)
FNDA:3,(anonymous_21)
DA:27,2
DA:31,48
DA:37,2
DA:42,81
DA:44,61
DA:57,61
DA:58,61
DA:64,2
DA:65,20
DA:71,2
DA:72,30
DA:78,2
DA:79,27
DA:85,2
DA:86,13
DA:87,13
DA:89,13
DA:90,13
DA:91,13
DA:93,13
DA:100,2
DA:101,2
DA:102,2
DA:105,2
DA:106,1
DA:107,1
DA:110,1
DA:111,1
DA:112,1
DA:114,1
DA:120,2
DA:121,2
DA:122,2
DA:124,2
DA:125,1
DA:126,1
DA:128,1
DA:134,2
DA:135,27
DA:136,27
DA:137,27
DA:139,26
DA:140,26
DA:141,26
DA:147,2
DA:148,5
DA:149,5
DA:151,5
DA:152,5
DA:153,5
DA:159,2
DA:160,31
DA:161,31
DA:164,31
DA:167,31
DA:176,31
DA:186,2
DA:187,5
DA:188,5
DA:189,5
DA:195,2
DA:196,3
DA:197,3
DA:198,5
DA:206,3
DA:212,2
DA:213,2
DA:221,2
DA:222,2
DA:223,2
DA:224,3
DA:225,3
DA:228,2
DA:230,2
LF:74
LH:74
BRDA:42,0,0,20
BRDA:87,1,0,0
BRDA:89,2,0,13
BRDA:90,3,0,4
BRDA:91,4,0,0
BRDA:102,5,0,0
BRDA:105,6,0,1
BRDA:105,7,0,2
BRDA:105,7,1,2
BRDA:106,8,0,0
BRDA:106,9,0,1
BRDA:106,9,1,1
BRDA:107,10,0,0
BRDA:107,11,0,1
BRDA:107,11,1,0
BRDA:110,12,0,1
BRDA:111,13,0,1
BRDA:112,14,0,0
BRDA:122,15,0,0
BRDA:124,16,0,1
BRDA:124,17,0,2
BRDA:124,17,1,2
BRDA:125,18,0,0
BRDA:125,19,0,1
BRDA:125,19,1,1
BRDA:126,20,0,0
BRDA:126,21,0,1
BRDA:126,21,1,0
BRDA:136,22,0,0
BRDA:137,23,0,1
BRDA:149,24,0,0
BRDA:161,25,0,0
BRDA:188,26,0,0
BRDA:223,27,0,2
BRF:34
BRH:19
end_of_record
TN:
SF:src\game\ship.ts
FN:23,(anonymous_2)
FN:26,ShipManager
FN:33,(anonymous_4)
FN:55,(anonymous_5)
FN:57,(anonymous_6)
FN:63,(anonymous_7)
FN:65,(anonymous_8)
FN:71,(anonymous_9)
FN:78,(anonymous_10)
FN:82,(anonymous_11)
FN:95,(anonymous_12)
FN:108,(anonymous_13)
FN:120,(anonymous_14)
FN:133,(anonymous_15)
FN:135,(anonymous_16)
FN:145,(anonymous_17)
FN:147,(anonymous_18)
FN:153,(anonymous_19)
FN:155,(anonymous_20)
FN:164,(anonymous_21)
FN:173,(anonymous_22)
FN:176,(anonymous_23)
FNF:22
FNH:22
FNDA:2,(anonymous_2)
FNDA:45,ShipManager
FNDA:59,(anonymous_4)
FNDA:39,(anonymous_5)
FNDA:165,(anonymous_6)
FNDA:1,(anonymous_7)
FNDA:6,(anonymous_8)
FNDA:3,(anonymous_9)
FNDA:17,(anonymous_10)
FNDA:51,(anonymous_11)
FNDA:15,(anonymous_12)
FNDA:7,(anonymous_13)
FNDA:1,(anonymous_14)
FNDA:4,(anonymous_15)
FNDA:12,(anonymous_16)
FNDA:1,(anonymous_17)
FNDA:3,(anonymous_18)
FNDA:3,(anonymous_19)
FNDA:15,(anonymous_20)
FNDA:2,(anonymous_21)
FNDA:2,(anonymous_22)
FNDA:9,(anonymous_23)
DA:23,2
DA:27,45
DA:33,2
DA:34,59
DA:36,59
DA:37,177
DA:45,177
DA:46,177
DA:49,59
DA:55,2
DA:56,39
DA:57,165
DA:63,2
DA:64,1
DA:65,6
DA:71,2
DA:72,3
DA:78,2
DA:79,17
DA:80,17
DA:82,17
DA:83,51
DA:84,51
DA:85,51
DA:88,17
DA:95,2
DA:96,15
DA:97,15
DA:98,15
DA:99,14
DA:101,13
DA:102,13
DA:108,2
DA:109,7
DA:110,7
DA:111,7
DA:113,6
DA:114,6
DA:120,2
DA:121,1
DA:122,1
DA:124,1
DA:125,1
DA:126,1
DA:127,1
DA:133,2
DA:134,4
DA:135,4
DA:136,12
DA:137,12
DA:138,12
DA:145,2
DA:146,1
DA:147,3
DA:153,2
DA:154,3
DA:155,3
DA:156,15
DA:158,3
DA:164,2
DA:165,2
DA:173,2
DA:174,2
DA:175,2
DA:176,9
DA:177,9
DA:180,2
DA:182,2
LF:68
LH:68
BRDA:97,0,0,0
BRDA:98,1,0,1
BRDA:99,2,0,1
BRDA:110,3,0,0
BRDA:111,4,0,1
BRDA:122,5,0,0
BRDA:147,6,0,3
BRDA:147,6,1,2
BRDA:175,7,0,2
BRF:9
BRH:6
end_of_record
TN:
SF:src\game\types.ts
FN:9,(anonymous_0)
FN:49,(anonymous_1)
FN:60,(anonymous_2)
FN:73,(anonymous_3)
FNF:4
FNH:4
FNDA:2,(anonymous_0)
FNDA:2,(anonymous_1)
FNDA:2,(anonymous_2)
FNDA:2,(anonymous_3)
DA:9,2
DA:10,2
DA:11,2
DA:12,2
DA:13,2
DA:14,2
DA:15,2
DA:49,2
DA:50,2
DA:51,2
DA:52,2
DA:53,2
DA:54,2
DA:60,2
DA:61,2
DA:62,2
DA:63,2
DA:64,2
DA:65,2
DA:66,2
DA:67,2
DA:73,2
DA:74,2
DA:75,2
DA:76,2
DA:77,2
LF:26
LH:26
BRDA:9,0,0,2
BRDA:9,0,1,2
BRDA:49,1,0,2
BRDA:49,1,1,2
BRDA:60,2,0,2
BRDA:60,2,1,2
BRDA:73,3,0,2
BRDA:73,3,1,2
BRF:8
BRH:8
end_of_record
